Using pre-set license
Built from '2020.3/staging' branch; Version is '2020.3.0f1 (c7b5465681fb) revision 13088070'; Using compiler version '192528614'; Build Type 'Release'
OS: 'Windows 10 Pro for Workstations; OS build 18363.1500; Version 1909; 64bit' Language: 'ru' Physical Memory: 8057 MB
BatchMode: 1, IsHumanControllingUs: 0, StartBugReporterOnCrash: 0, Is64bit: 1, IsPro: 0

 COMMAND LINE ARGUMENTS:
C:\Program Files\Unity\Hub\Editor\2020.3.0f1\Editor\Unity.exe
-adb2
-batchMode
-noUpm
-name
AssetImportWorker0
-projectPath
D:/Projects/Unity(3D)-Lab-3-Inventory-drag-drop
-logFile
Logs/AssetImportWorker0.log
-srvPort
57134
Successfully changed project path to: D:/Projects/Unity(3D)-Lab-3-Inventory-drag-drop
D:/Projects/Unity(3D)-Lab-3-Inventory-drag-drop
Using Asset Import Pipeline V2.
Refreshing native plugins compatible for Editor in 36.72 ms, found 0 plugins.
Preloading 0 native plugins for Editor in 0.00 ms.
Initialize engine version: 2020.3.0f1 (c7b5465681fb)
[Subsystems] Discovering subsystems at path C:/Program Files/Unity/Hub/Editor/2020.3.0f1/Editor/Data/Resources/UnitySubsystems
[Subsystems] Discovering subsystems at path D:/Projects/Unity(3D)-Lab-3-Inventory-drag-drop/Assets
GfxDevice: creating device client; threaded=0
Direct3D:
    Version:  Direct3D 11.0 [level 11.1]
    Renderer: NVIDIA GeForce GTX 1050 (ID=0x1c8d)
    Vendor:   
    VRAM:     4021 MB
    Driver:   27.21.14.5771
Initialize mono
Mono path[0] = 'C:/Program Files/Unity/Hub/Editor/2020.3.0f1/Editor/Data/Managed'
Mono path[1] = 'C:/Program Files/Unity/Hub/Editor/2020.3.0f1/Editor/Data/MonoBleedingEdge/lib/mono/unityjit'
Mono config path = 'C:/Program Files/Unity/Hub/Editor/2020.3.0f1/Editor/Data/MonoBleedingEdge/etc'
Using monoOptions --debugger-agent=transport=dt_socket,embedding=1,server=y,suspend=n,address=127.0.0.1:56268
Begin MonoManager ReloadAssembly
Registering precompiled unity dll's ...
Register platform support module: C:/Program Files/Unity/Hub/Editor/2020.3.0f1/Editor/Data/PlaybackEngines/WebGLSupport/UnityEditor.WebGL.Extensions.dll
Register platform support module: C:/Program Files/Unity/Hub/Editor/2020.3.0f1/Editor/Data/PlaybackEngines/WindowsStandaloneSupport/UnityEditor.WindowsStandalone.Extensions.dll
Registered in 0.003160 seconds.
Native extension for WindowsStandalone target not found
Native extension for WebGL target not found
Refreshing native plugins compatible for Editor in 38.28 ms, found 0 plugins.
Preloading 0 native plugins for Editor in 0.00 ms.
Invoked RoslynAnalysisRunner static constructor.
RoslynAnalysisRunner will not be running.
RoslynAnalysisRunner has terminated.
Mono: successfully reloaded assembly
- Completed reload, in  2.784 seconds
Platform modules already initialized, skipping
Registering precompiled user dll's ...
Registered in 0.000737 seconds.
Begin MonoManager ReloadAssembly
Native extension for WindowsStandalone target not found
Native extension for WebGL target not found
Refreshing native plugins compatible for Editor in 0.31 ms, found 0 plugins.
Preloading 0 native plugins for Editor in 0.00 ms.
Invoked RoslynAnalysisRunner static constructor.
RoslynAnalysisRunner will not be running.
RoslynAnalysisRunner has terminated.
Mono: successfully reloaded assembly
- Completed reload, in  1.093 seconds
Platform modules already initialized, skipping
========================================================================
Worker process is ready to serve import requests
Launched and connected shader compiler UnityShaderCompiler.exe after 0.06 seconds
Refreshing native plugins compatible for Editor in 0.29 ms, found 0 plugins.
Preloading 0 native plugins for Editor in 0.00 ms.
Unloading 1169 Unused Serialized files (Serialized files now loaded: 0)
System memory in use before: 81.2 MB.
System memory in use after: 81.3 MB.

Unloading 10 unused Assets to reduce memory usage. Loaded Objects now: 1640.
Total: 2.335000 ms (FindLiveObjects: 0.170600 ms CreateObjectMapping: 0.048400 ms MarkObjects: 1.943000 ms  DeleteObjects: 0.172000 ms)

========================================================================
Received Import Request.
  path: Assets/Scripts/Actions/Player
  artifactKey: Guid(31a1c311b3d0f2843a6bfb879278a166) Importer(815301076,1909f56bfc062723c751e8b465ee728b)
Start importing Assets/Scripts/Actions/Player using Guid(31a1c311b3d0f2843a6bfb879278a166) Importer(815301076,1909f56bfc062723c751e8b465ee728b)  -> (artifact id: 'eb859588bd2911342ac202470957a089') in 0.005068 seconds
  Import took 0.012431 seconds .

========================================================================
Received Prepare
Registering precompiled user dll's ...
Registered in 0.000778 seconds.
Begin MonoManager ReloadAssembly
Native extension for WindowsStandalone target not found
Native extension for WebGL target not found
Refreshing native plugins compatible for Editor in 0.34 ms, found 0 plugins.
Preloading 0 native plugins for Editor in 0.00 ms.
Invoked RoslynAnalysisRunner static constructor.
RoslynAnalysisRunner will not be running.
RoslynAnalysisRunner has terminated.
Mono: successfully reloaded assembly
- Completed reload, in  1.798 seconds
Platform modules already initialized, skipping
Refreshing native plugins compatible for Editor in 0.42 ms, found 0 plugins.
Preloading 0 native plugins for Editor in 0.00 ms.
Unloading 1149 Unused Serialized files (Serialized files now loaded: 0)
System memory in use before: 80.0 MB.
System memory in use after: 80.1 MB.

Unloading 5 unused Assets to reduce memory usage. Loaded Objects now: 1643.
Total: 2.108700 ms (FindLiveObjects: 0.189100 ms CreateObjectMapping: 0.049200 ms MarkObjects: 1.740500 ms  DeleteObjects: 0.128600 ms)

========================================================================
Received Import Request.
  Time since last request: 7.360856 seconds.
  path: Assets/Scripts/Actions/Player/PlayerActionController.cs
  artifactKey: Guid(622c7824e53642c46a10db59c900f16e) Importer(815301076,1909f56bfc062723c751e8b465ee728b)
Start importing Assets/Scripts/Actions/Player/PlayerActionController.cs using Guid(622c7824e53642c46a10db59c900f16e) Importer(815301076,1909f56bfc062723c751e8b465ee728b)  -> (artifact id: '990eb7c8993f6c04797768388edcb541') in 0.036153 seconds
  Import took 0.204369 seconds .

========================================================================
Received Prepare
Registering precompiled user dll's ...
Registered in 0.000633 seconds.
Begin MonoManager ReloadAssembly
Native extension for WindowsStandalone target not found
Native extension for WebGL target not found
Refreshing native plugins compatible for Editor in 0.34 ms, found 0 plugins.
Preloading 0 native plugins for Editor in 0.00 ms.
Invoked RoslynAnalysisRunner static constructor.
RoslynAnalysisRunner will not be running.
RoslynAnalysisRunner has terminated.
Mono: successfully reloaded assembly
- Completed reload, in  1.036 seconds
Platform modules already initialized, skipping
Refreshing native plugins compatible for Editor in 0.30 ms, found 0 plugins.
Preloading 0 native plugins for Editor in 0.00 ms.
Unloading 1149 Unused Serialized files (Serialized files now loaded: 0)
System memory in use before: 80.0 MB.
System memory in use after: 80.1 MB.

Unloading 5 unused Assets to reduce memory usage. Loaded Objects now: 1646.
Total: 1.958500 ms (FindLiveObjects: 0.202900 ms CreateObjectMapping: 0.046000 ms MarkObjects: 1.591100 ms  DeleteObjects: 0.113900 ms)

========================================================================
Received Import Request.
  Time since last request: 50.836758 seconds.
  path: Assets/Scripts/Entities/NPC/Peaceful
  artifactKey: Guid(93aa43a10bb4acc478702e3f293c3e64) Importer(815301076,1909f56bfc062723c751e8b465ee728b)
Start importing Assets/Scripts/Entities/NPC/Peaceful using Guid(93aa43a10bb4acc478702e3f293c3e64) Importer(815301076,1909f56bfc062723c751e8b465ee728b)  -> (artifact id: '2d3b2065b039e7a6730380267ca870d9') in 0.010041 seconds
  Import took 0.030291 seconds .

========================================================================
Received Prepare
Registering precompiled user dll's ...
Registered in 0.000832 seconds.
Begin MonoManager ReloadAssembly
Native extension for WindowsStandalone target not found
Native extension for WebGL target not found
Refreshing native plugins compatible for Editor in 0.30 ms, found 0 plugins.
Preloading 0 native plugins for Editor in 0.00 ms.
Invoked RoslynAnalysisRunner static constructor.
RoslynAnalysisRunner will not be running.
RoslynAnalysisRunner has terminated.
Mono: successfully reloaded assembly
- Completed reload, in  1.076 seconds
Platform modules already initialized, skipping
Refreshing native plugins compatible for Editor in 0.37 ms, found 0 plugins.
Preloading 0 native plugins for Editor in 0.00 ms.
Unloading 1149 Unused Serialized files (Serialized files now loaded: 0)
System memory in use before: 80.0 MB.
System memory in use after: 80.1 MB.

Unloading 5 unused Assets to reduce memory usage. Loaded Objects now: 1649.
Total: 2.261500 ms (FindLiveObjects: 0.217800 ms CreateObjectMapping: 0.046200 ms MarkObjects: 1.870700 ms  DeleteObjects: 0.125500 ms)

========================================================================
Received Import Request.
  Time since last request: 14.850133 seconds.
  path: Assets/Scripts/Entities/NPC/Aggresive.cs
  artifactKey: Guid(ef2d8e72d414b3747892a81db7580e99) Importer(815301076,1909f56bfc062723c751e8b465ee728b)
Start importing Assets/Scripts/Entities/NPC/Aggresive.cs using Guid(ef2d8e72d414b3747892a81db7580e99) Importer(815301076,1909f56bfc062723c751e8b465ee728b)  -> (artifact id: '479f8d9029c862432b2af3db6efb7e09') in 0.004495 seconds
  Import took 0.017625 seconds .

========================================================================
Received Prepare
Registering precompiled user dll's ...
Registered in 0.000816 seconds.
Begin MonoManager ReloadAssembly
Native extension for WindowsStandalone target not found
Native extension for WebGL target not found
Refreshing native plugins compatible for Editor in 0.34 ms, found 0 plugins.
Preloading 0 native plugins for Editor in 0.00 ms.
Invoked RoslynAnalysisRunner static constructor.
RoslynAnalysisRunner will not be running.
RoslynAnalysisRunner has terminated.
Mono: successfully reloaded assembly
- Completed reload, in  1.064 seconds
Platform modules already initialized, skipping
Refreshing native plugins compatible for Editor in 0.38 ms, found 0 plugins.
Preloading 0 native plugins for Editor in 0.00 ms.
Unloading 1150 Unused Serialized files (Serialized files now loaded: 0)
System memory in use before: 80.1 MB.
System memory in use after: 80.2 MB.

Unloading 5 unused Assets to reduce memory usage. Loaded Objects now: 1653.
Total: 3.342900 ms (FindLiveObjects: 0.564800 ms CreateObjectMapping: 0.072200 ms MarkObjects: 2.559600 ms  DeleteObjects: 0.144700 ms)

========================================================================
Received Prepare
Registering precompiled user dll's ...
Registered in 0.000742 seconds.
Begin MonoManager ReloadAssembly
Native extension for WindowsStandalone target not found
Native extension for WebGL target not found
Refreshing native plugins compatible for Editor in 0.32 ms, found 0 plugins.
Preloading 0 native plugins for Editor in 0.00 ms.
Invoked RoslynAnalysisRunner static constructor.
RoslynAnalysisRunner will not be running.
RoslynAnalysisRunner has terminated.
Mono: successfully reloaded assembly
- Completed reload, in  1.058 seconds
Platform modules already initialized, skipping
Refreshing native plugins compatible for Editor in 0.37 ms, found 0 plugins.
Preloading 0 native plugins for Editor in 0.00 ms.
Unloading 1149 Unused Serialized files (Serialized files now loaded: 0)
System memory in use before: 80.1 MB.
System memory in use after: 80.1 MB.

Unloading 6 unused Assets to reduce memory usage. Loaded Objects now: 1655.
Total: 2.544000 ms (FindLiveObjects: 0.287300 ms CreateObjectMapping: 0.044800 ms MarkObjects: 2.055000 ms  DeleteObjects: 0.155300 ms)

========================================================================
Received Import Request.
  Time since last request: 16.951463 seconds.
  path: Assets/Scripts/Entities/NPC/Agressive
  artifactKey: Guid(54ce1826a2298b04ab16326e93c3af7c) Importer(815301076,1909f56bfc062723c751e8b465ee728b)
Start importing Assets/Scripts/Entities/NPC/Agressive using Guid(54ce1826a2298b04ab16326e93c3af7c) Importer(815301076,1909f56bfc062723c751e8b465ee728b)  -> (artifact id: '99e6b421a53518364105a53a39ce7205') in 0.005935 seconds
  Import took 0.012751 seconds .

========================================================================
Received Prepare
Registering precompiled user dll's ...
Registered in 0.000663 seconds.
Begin MonoManager ReloadAssembly
Native extension for WindowsStandalone target not found
Native extension for WebGL target not found
Refreshing native plugins compatible for Editor in 0.38 ms, found 0 plugins.
Preloading 0 native plugins for Editor in 0.00 ms.
Invoked RoslynAnalysisRunner static constructor.
RoslynAnalysisRunner will not be running.
RoslynAnalysisRunner has terminated.
Mono: successfully reloaded assembly
- Completed reload, in  1.050 seconds
Platform modules already initialized, skipping
Refreshing native plugins compatible for Editor in 0.30 ms, found 0 plugins.
Preloading 0 native plugins for Editor in 0.00 ms.
Unloading 1149 Unused Serialized files (Serialized files now loaded: 0)
System memory in use before: 80.1 MB.
System memory in use after: 80.1 MB.

Unloading 5 unused Assets to reduce memory usage. Loaded Objects now: 1658.
Total: 2.230900 ms (FindLiveObjects: 0.378100 ms CreateObjectMapping: 0.059400 ms MarkObjects: 1.656300 ms  DeleteObjects: 0.135300 ms)

========================================================================
Received Import Request.
  Time since last request: 17.870970 seconds.
  path: Assets/Scripts/Actions/NPC/Agressive
  artifactKey: Guid(71c89080ec925594d9fd0dc932c4ec51) Importer(815301076,1909f56bfc062723c751e8b465ee728b)
Start importing Assets/Scripts/Actions/NPC/Agressive using Guid(71c89080ec925594d9fd0dc932c4ec51) Importer(815301076,1909f56bfc062723c751e8b465ee728b)  -> (artifact id: '5f46607b09cd76fd16a28f2b7230eb12') in 0.010096 seconds
  Import took 0.043721 seconds .

========================================================================
Received Prepare
Registering precompiled user dll's ...
Registered in 0.000748 seconds.
Begin MonoManager ReloadAssembly
Native extension for WindowsStandalone target not found
Native extension for WebGL target not found
Refreshing native plugins compatible for Editor in 0.35 ms, found 0 plugins.
Preloading 0 native plugins for Editor in 0.00 ms.
Invoked RoslynAnalysisRunner static constructor.
RoslynAnalysisRunner will not be running.
RoslynAnalysisRunner has terminated.
Mono: successfully reloaded assembly
- Completed reload, in  1.040 seconds
Platform modules already initialized, skipping
Refreshing native plugins compatible for Editor in 0.48 ms, found 0 plugins.
Preloading 0 native plugins for Editor in 0.00 ms.
Unloading 1149 Unused Serialized files (Serialized files now loaded: 0)
System memory in use before: 80.1 MB.
System memory in use after: 80.1 MB.

Unloading 5 unused Assets to reduce memory usage. Loaded Objects now: 1661.
Total: 2.126500 ms (FindLiveObjects: 0.171200 ms CreateObjectMapping: 0.045200 ms MarkObjects: 1.776100 ms  DeleteObjects: 0.132800 ms)

========================================================================
Received Import Request.
  Time since last request: 15.548198 seconds.
  path: Assets/Scripts/Actions/NPC/Peacefull
  artifactKey: Guid(7b9f7a1f56d1ee143908da11a27ed57a) Importer(815301076,1909f56bfc062723c751e8b465ee728b)
Start importing Assets/Scripts/Actions/NPC/Peacefull using Guid(7b9f7a1f56d1ee143908da11a27ed57a) Importer(815301076,1909f56bfc062723c751e8b465ee728b)  -> (artifact id: 'cbbda3551089ed9a074e97181c01b4d6') in 0.007017 seconds
  Import took 0.031146 seconds .

========================================================================
Received Import Request.
  Time since last request: 4.718674 seconds.
  path: Assets/Scripts/Actions/NPC/Peaceful
  artifactKey: Guid(7b9f7a1f56d1ee143908da11a27ed57a) Importer(815301076,1909f56bfc062723c751e8b465ee728b)
Start importing Assets/Scripts/Actions/NPC/Peaceful using Guid(7b9f7a1f56d1ee143908da11a27ed57a) Importer(815301076,1909f56bfc062723c751e8b465ee728b)  -> (artifact id: 'a7906588c958af3de1fc2ed1beccc047') in 0.006968 seconds
  Import took 0.040391 seconds .

========================================================================
Received Prepare
Registering precompiled user dll's ...
Registered in 0.000727 seconds.
Begin MonoManager ReloadAssembly
Native extension for WindowsStandalone target not found
Native extension for WebGL target not found
Refreshing native plugins compatible for Editor in 0.45 ms, found 0 plugins.
Preloading 0 native plugins for Editor in 0.00 ms.
Invoked RoslynAnalysisRunner static constructor.
RoslynAnalysisRunner will not be running.
RoslynAnalysisRunner has terminated.
Mono: successfully reloaded assembly
- Completed reload, in  1.055 seconds
Platform modules already initialized, skipping
Refreshing native plugins compatible for Editor in 0.30 ms, found 0 plugins.
Preloading 0 native plugins for Editor in 0.00 ms.
Unloading 1149 Unused Serialized files (Serialized files now loaded: 0)
System memory in use before: 80.1 MB.
System memory in use after: 80.2 MB.

Unloading 5 unused Assets to reduce memory usage. Loaded Objects now: 1664.
Total: 2.114100 ms (FindLiveObjects: 0.165200 ms CreateObjectMapping: 0.047800 ms MarkObjects: 1.771100 ms  DeleteObjects: 0.128600 ms)

========================================================================
Received Import Request.
  Time since last request: 8.308984 seconds.
  path: Assets/Scripts/Actions/NPC/NPCActionController.cs
  artifactKey: Guid(36f3e02b1228bf54ba716707716e8a0d) Importer(815301076,1909f56bfc062723c751e8b465ee728b)
Start importing Assets/Scripts/Actions/NPC/NPCActionController.cs using Guid(36f3e02b1228bf54ba716707716e8a0d) Importer(815301076,1909f56bfc062723c751e8b465ee728b)  -> (artifact id: 'c019f39fcf658b54641e98ae34de136b') in 0.003511 seconds
  Import took 0.006522 seconds .

========================================================================
Received Import Request.
  Time since last request: 16.862535 seconds.
  path: Assets/Scripts/Interactables/NPC/Agressive
  artifactKey: Guid(610bdd01d0482144293abd50a041753d) Importer(815301076,1909f56bfc062723c751e8b465ee728b)
Start importing Assets/Scripts/Interactables/NPC/Agressive using Guid(610bdd01d0482144293abd50a041753d) Importer(815301076,1909f56bfc062723c751e8b465ee728b)  -> (artifact id: '02b1fe83dc1a6015284eda032190fd8e') in 0.002167 seconds
  Import took 0.116303 seconds .

========================================================================
Received Import Request.
  Time since last request: 2.756960 seconds.
  path: Assets/Scripts/Interactables/NPC/Aggressive
  artifactKey: Guid(610bdd01d0482144293abd50a041753d) Importer(815301076,1909f56bfc062723c751e8b465ee728b)
Start importing Assets/Scripts/Interactables/NPC/Aggressive using Guid(610bdd01d0482144293abd50a041753d) Importer(815301076,1909f56bfc062723c751e8b465ee728b)  -> (artifact id: '1250da62d537b7d787d62469695704e1') in 0.003667 seconds
  Import took 0.023652 seconds .

========================================================================
Received Prepare
Registering precompiled user dll's ...
Registered in 0.000698 seconds.
Begin MonoManager ReloadAssembly
Native extension for WindowsStandalone target not found
Native extension for WebGL target not found
Refreshing native plugins compatible for Editor in 0.36 ms, found 0 plugins.
Preloading 0 native plugins for Editor in 0.00 ms.
Invoked RoslynAnalysisRunner static constructor.
RoslynAnalysisRunner will not be running.
RoslynAnalysisRunner has terminated.
Mono: successfully reloaded assembly
- Completed reload, in  1.033 seconds
Platform modules already initialized, skipping
Refreshing native plugins compatible for Editor in 0.29 ms, found 0 plugins.
Preloading 0 native plugins for Editor in 0.00 ms.
Unloading 1149 Unused Serialized files (Serialized files now loaded: 0)
System memory in use before: 80.1 MB.
System memory in use after: 80.2 MB.

Unloading 5 unused Assets to reduce memory usage. Loaded Objects now: 1667.
Total: 1.958000 ms (FindLiveObjects: 0.160800 ms CreateObjectMapping: 0.042800 ms MarkObjects: 1.636400 ms  DeleteObjects: 0.116600 ms)

========================================================================
Received Import Request.
  Time since last request: 15.182491 seconds.
  path: Assets/Scripts/Interactables/NPC/Peaceful
  artifactKey: Guid(4a54ffd7f026cef4d8a7929a118ae739) Importer(815301076,1909f56bfc062723c751e8b465ee728b)
Start importing Assets/Scripts/Interactables/NPC/Peaceful using Guid(4a54ffd7f026cef4d8a7929a118ae739) Importer(815301076,1909f56bfc062723c751e8b465ee728b)  -> (artifact id: '0d1ad37aee59aaf5173b71ddc11e25e7') in 0.006926 seconds
  Import took 0.010116 seconds .

========================================================================
Received Prepare
Registering precompiled user dll's ...
Registered in 0.001404 seconds.
Begin MonoManager ReloadAssembly
Native extension for WindowsStandalone target not found
Native extension for WebGL target not found
Refreshing native plugins compatible for Editor in 0.38 ms, found 0 plugins.
Preloading 0 native plugins for Editor in 0.00 ms.
Invoked RoslynAnalysisRunner static constructor.
RoslynAnalysisRunner will not be running.
RoslynAnalysisRunner has terminated.
Mono: successfully reloaded assembly
- Completed reload, in  1.045 seconds
Platform modules already initialized, skipping
Refreshing native plugins compatible for Editor in 0.33 ms, found 0 plugins.
Preloading 0 native plugins for Editor in 0.00 ms.
Unloading 1149 Unused Serialized files (Serialized files now loaded: 0)
System memory in use before: 80.1 MB.
System memory in use after: 80.2 MB.

Unloading 5 unused Assets to reduce memory usage. Loaded Objects now: 1670.
Total: 2.416700 ms (FindLiveObjects: 0.188600 ms CreateObjectMapping: 0.053000 ms MarkObjects: 2.040700 ms  DeleteObjects: 0.133000 ms)

========================================================================
Received Import Request.
  Time since last request: 17.264468 seconds.
  path: Assets/Scripts/Entities/NPC/Aggressive
  artifactKey: Guid(54ce1826a2298b04ab16326e93c3af7c) Importer(815301076,1909f56bfc062723c751e8b465ee728b)
Start importing Assets/Scripts/Entities/NPC/Aggressive using Guid(54ce1826a2298b04ab16326e93c3af7c) Importer(815301076,1909f56bfc062723c751e8b465ee728b)  -> (artifact id: '10ff0862c6f551ddc3d3143abc0c13c0') in 0.008801 seconds
  Import took 0.027808 seconds .

========================================================================
Received Prepare
Registering precompiled user dll's ...
Registered in 0.000847 seconds.
Begin MonoManager ReloadAssembly
Native extension for WindowsStandalone target not found
Native extension for WebGL target not found
Refreshing native plugins compatible for Editor in 0.32 ms, found 0 plugins.
Preloading 0 native plugins for Editor in 0.00 ms.
Invoked RoslynAnalysisRunner static constructor.
RoslynAnalysisRunner will not be running.
RoslynAnalysisRunner has terminated.
Mono: successfully reloaded assembly
- Completed reload, in  1.066 seconds
Platform modules already initialized, skipping
Refreshing native plugins compatible for Editor in 0.29 ms, found 0 plugins.
Preloading 0 native plugins for Editor in 0.00 ms.
Unloading 1149 Unused Serialized files (Serialized files now loaded: 0)
System memory in use before: 80.1 MB.
System memory in use after: 80.2 MB.

Unloading 5 unused Assets to reduce memory usage. Loaded Objects now: 1673.
Total: 2.261300 ms (FindLiveObjects: 0.274700 ms CreateObjectMapping: 0.045600 ms MarkObjects: 1.822300 ms  DeleteObjects: 0.117100 ms)

========================================================================
Received Import Request.
  Time since last request: 7.814916 seconds.
  path: Assets/Scripts/Actions/NPC/Aggressive
  artifactKey: Guid(71c89080ec925594d9fd0dc932c4ec51) Importer(815301076,1909f56bfc062723c751e8b465ee728b)
Start importing Assets/Scripts/Actions/NPC/Aggressive using Guid(71c89080ec925594d9fd0dc932c4ec51) Importer(815301076,1909f56bfc062723c751e8b465ee728b)  -> (artifact id: 'ccd94a2172ef45abe9837ac8f34603df') in 0.011233 seconds
  Import took 0.072568 seconds .

========================================================================
Received Prepare
Registering precompiled user dll's ...
Registered in 0.000699 seconds.
Begin MonoManager ReloadAssembly
Native extension for WindowsStandalone target not found
Native extension for WebGL target not found
Refreshing native plugins compatible for Editor in 0.33 ms, found 0 plugins.
Preloading 0 native plugins for Editor in 0.00 ms.
Invoked RoslynAnalysisRunner static constructor.
RoslynAnalysisRunner will not be running.
RoslynAnalysisRunner has terminated.
Mono: successfully reloaded assembly
- Completed reload, in  1.046 seconds
Platform modules already initialized, skipping
Refreshing native plugins compatible for Editor in 0.83 ms, found 0 plugins.
Preloading 0 native plugins for Editor in 0.00 ms.
Unloading 1149 Unused Serialized files (Serialized files now loaded: 0)
System memory in use before: 80.1 MB.
System memory in use after: 80.2 MB.

Unloading 5 unused Assets to reduce memory usage. Loaded Objects now: 1676.
Total: 3.404300 ms (FindLiveObjects: 0.192700 ms CreateObjectMapping: 0.055100 ms MarkObjects: 3.004400 ms  DeleteObjects: 0.150100 ms)

========================================================================
Received Import Request.
  Time since last request: 72.495040 seconds.
  path: Assets/AAAAAAAAA/Equipments/EquipmentsInventory.cs
  artifactKey: Guid(3f0754ec857923d49bf04ba7b3925f50) Importer(815301076,1909f56bfc062723c751e8b465ee728b)
Start importing Assets/AAAAAAAAA/Equipments/EquipmentsInventory.cs using Guid(3f0754ec857923d49bf04ba7b3925f50) Importer(815301076,1909f56bfc062723c751e8b465ee728b)  -> (artifact id: 'd82b8455665e4a43938431d7664d73b5') in 0.005299 seconds
  Import took 0.052544 seconds .

========================================================================
Received Import Request.
  Time since last request: 1.510686 seconds.
  path: Assets/AAAAAAAAA/Equipments/EquipmentController.cs
  artifactKey: Guid(d64d31231da395f429a80d7370256f2e) Importer(815301076,1909f56bfc062723c751e8b465ee728b)
Start importing Assets/AAAAAAAAA/Equipments/EquipmentController.cs using Guid(d64d31231da395f429a80d7370256f2e) Importer(815301076,1909f56bfc062723c751e8b465ee728b)  -> (artifact id: '7ff7c0101409dff8cf461c59f01aef76') in 0.001462 seconds
  Import took 0.030322 seconds .

========================================================================
Received Import Request.
  Time since last request: 1.480722 seconds.
  path: Assets/AAAAAAAAA/Equipments/EquipmentCell.cs
  artifactKey: Guid(62a27bc249212884385d9cf7decf63e3) Importer(815301076,1909f56bfc062723c751e8b465ee728b)
Start importing Assets/AAAAAAAAA/Equipments/EquipmentCell.cs using Guid(62a27bc249212884385d9cf7decf63e3) Importer(815301076,1909f56bfc062723c751e8b465ee728b)  -> (artifact id: 'c4caedca4486328c227bfc7f458e39ae') in 0.007326 seconds
  Import took 0.025807 seconds .

========================================================================
Received Import Request.
  Time since last request: 14.522587 seconds.
  path: Assets/AAAAAAAAA/Inventory
  artifactKey: Guid(47c9e0e75cb3e1143b8f77c2ce9ec408) Importer(815301076,1909f56bfc062723c751e8b465ee728b)
Start importing Assets/AAAAAAAAA/Inventory using Guid(47c9e0e75cb3e1143b8f77c2ce9ec408) Importer(815301076,1909f56bfc062723c751e8b465ee728b)  -> (artifact id: 'e027bf63c2f2902ae7c27a559f74cb5e') in 0.004653 seconds
  Import took 0.020436 seconds .

========================================================================
Received Import Request.
  Time since last request: 2.880587 seconds.
  path: Assets/AAAAAAAAA/Inventory.cs
  artifactKey: Guid(c5e1b54618b8f7c4dab54a5173db24f1) Importer(815301076,1909f56bfc062723c751e8b465ee728b)
Start importing Assets/AAAAAAAAA/Inventory.cs using Guid(c5e1b54618b8f7c4dab54a5173db24f1) Importer(815301076,1909f56bfc062723c751e8b465ee728b)  -> (artifact id: '5a900a72e4b96153255d9a047dff2f8e') in 0.001372 seconds
  Import took 0.005578 seconds .

========================================================================
Received Import Request.
  Time since last request: 0.004803 seconds.
  path: Assets/AAAAAAAAA/Inventory.cs
  artifactKey: Guid(c5e1b54618b8f7c4dab54a5173db24f1) Importer(815301076,1909f56bfc062723c751e8b465ee728b)
Start importing Assets/AAAAAAAAA/Inventory.cs using Guid(c5e1b54618b8f7c4dab54a5173db24f1) Importer(815301076,1909f56bfc062723c751e8b465ee728b)  -> (artifact id: '5a900a72e4b96153255d9a047dff2f8e') in 0.003977 seconds
  Import took 0.008494 seconds .

========================================================================
Received Prepare
Registering precompiled user dll's ...
Registered in 0.000718 seconds.
Begin MonoManager ReloadAssembly
Native extension for WindowsStandalone target not found
Native extension for WebGL target not found
Refreshing native plugins compatible for Editor in 0.48 ms, found 0 plugins.
Preloading 0 native plugins for Editor in 0.00 ms.
Invoked RoslynAnalysisRunner static constructor.
RoslynAnalysisRunner will not be running.
RoslynAnalysisRunner has terminated.
Mono: successfully reloaded assembly
- Completed reload, in  1.070 seconds
Platform modules already initialized, skipping
Refreshing native plugins compatible for Editor in 0.32 ms, found 0 plugins.
Preloading 0 native plugins for Editor in 0.00 ms.
Unloading 1149 Unused Serialized files (Serialized files now loaded: 0)
System memory in use before: 80.1 MB.
System memory in use after: 80.2 MB.

Unloading 5 unused Assets to reduce memory usage. Loaded Objects now: 1679.
Total: 1.988400 ms (FindLiveObjects: 0.178200 ms CreateObjectMapping: 0.063400 ms MarkObjects: 1.613200 ms  DeleteObjects: 0.129000 ms)

========================================================================
Received Prepare
Registering precompiled user dll's ...
Registered in 0.000919 seconds.
Begin MonoManager ReloadAssembly
Native extension for WindowsStandalone target not found
Native extension for WebGL target not found
Refreshing native plugins compatible for Editor in 0.32 ms, found 0 plugins.
Preloading 0 native plugins for Editor in 0.00 ms.
Invoked RoslynAnalysisRunner static constructor.
RoslynAnalysisRunner will not be running.
RoslynAnalysisRunner has terminated.
Mono: successfully reloaded assembly
- Completed reload, in  1.043 seconds
Platform modules already initialized, skipping
Refreshing native plugins compatible for Editor in 0.35 ms, found 0 plugins.
Preloading 0 native plugins for Editor in 0.00 ms.
Unloading 1148 Unused Serialized files (Serialized files now loaded: 0)
System memory in use before: 80.1 MB.
System memory in use after: 80.2 MB.

Unloading 6 unused Assets to reduce memory usage. Loaded Objects now: 1681.
Total: 2.350300 ms (FindLiveObjects: 0.242600 ms CreateObjectMapping: 0.082600 ms MarkObjects: 1.856700 ms  DeleteObjects: 0.166700 ms)

========================================================================
Received Import Request.
  Time since last request: 97.846578 seconds.
  path: Assets/AAAAAAAAA/PlayerStatController.cs
  artifactKey: Guid(e33cc9ffe523f1344988510d256e88ff) Importer(815301076,1909f56bfc062723c751e8b465ee728b)
Start importing Assets/AAAAAAAAA/PlayerStatController.cs using Guid(e33cc9ffe523f1344988510d256e88ff) Importer(815301076,1909f56bfc062723c751e8b465ee728b)  -> (artifact id: '4adf38e019aecbc466bb20e9ca976350') in 0.005226 seconds
  Import took 0.012836 seconds .

========================================================================
Received Import Request.
  Time since last request: 15.676376 seconds.
  path: Assets/Scripts/Inventory and Equipments
  artifactKey: Guid(cf70b4f57538e024884ab2081e22eea0) Importer(815301076,1909f56bfc062723c751e8b465ee728b)
Start importing Assets/Scripts/Inventory and Equipments using Guid(cf70b4f57538e024884ab2081e22eea0) Importer(815301076,1909f56bfc062723c751e8b465ee728b)  -> (artifact id: '344bc83c20218a2c158c678dea83125b') in 0.002735 seconds
  Import took 0.012953 seconds .

========================================================================
Received Prepare
Registering precompiled user dll's ...
Registered in 0.000707 seconds.
Begin MonoManager ReloadAssembly
Native extension for WindowsStandalone target not found
Native extension for WebGL target not found
Refreshing native plugins compatible for Editor in 0.29 ms, found 0 plugins.
Preloading 0 native plugins for Editor in 0.00 ms.
Invoked RoslynAnalysisRunner static constructor.
RoslynAnalysisRunner will not be running.
RoslynAnalysisRunner has terminated.
Mono: successfully reloaded assembly
- Completed reload, in  1.027 seconds
Platform modules already initialized, skipping
Refreshing native plugins compatible for Editor in 0.42 ms, found 0 plugins.
Preloading 0 native plugins for Editor in 0.00 ms.
Unloading 1148 Unused Serialized files (Serialized files now loaded: 0)
System memory in use before: 80.1 MB.
System memory in use after: 80.2 MB.

Unloading 5 unused Assets to reduce memory usage. Loaded Objects now: 1684.
Total: 2.324500 ms (FindLiveObjects: 0.257300 ms CreateObjectMapping: 0.062100 ms MarkObjects: 1.844000 ms  DeleteObjects: 0.157900 ms)

========================================================================
Received Prepare
Registering precompiled user dll's ...
Registered in 0.001092 seconds.
Begin MonoManager ReloadAssembly
Native extension for WindowsStandalone target not found
Native extension for WebGL target not found
Refreshing native plugins compatible for Editor in 0.29 ms, found 0 plugins.
Preloading 0 native plugins for Editor in 0.00 ms.
Invoked RoslynAnalysisRunner static constructor.
RoslynAnalysisRunner will not be running.
RoslynAnalysisRunner has terminated.
Mono: successfully reloaded assembly
- Completed reload, in  1.007 seconds
Platform modules already initialized, skipping
Refreshing native plugins compatible for Editor in 0.32 ms, found 0 plugins.
Preloading 0 native plugins for Editor in 0.00 ms.
Unloading 1148 Unused Serialized files (Serialized files now loaded: 0)
System memory in use before: 80.1 MB.
System memory in use after: 80.2 MB.

Unloading 5 unused Assets to reduce memory usage. Loaded Objects now: 1687.
Total: 1.946100 ms (FindLiveObjects: 0.233700 ms CreateObjectMapping: 0.043600 ms MarkObjects: 1.510000 ms  DeleteObjects: 0.157100 ms)

========================================================================
Received Prepare
Registering precompiled user dll's ...
Registered in 0.001067 seconds.
Begin MonoManager ReloadAssembly
Native extension for WindowsStandalone target not found
Native extension for WebGL target not found
Refreshing native plugins compatible for Editor in 0.36 ms, found 0 plugins.
Preloading 0 native plugins for Editor in 0.00 ms.
Invoked RoslynAnalysisRunner static constructor.
RoslynAnalysisRunner will not be running.
RoslynAnalysisRunner has terminated.
Mono: successfully reloaded assembly
- Completed reload, in  1.046 seconds
Platform modules already initialized, skipping
Refreshing native plugins compatible for Editor in 0.30 ms, found 0 plugins.
Preloading 0 native plugins for Editor in 0.00 ms.
Unloading 1148 Unused Serialized files (Serialized files now loaded: 0)
System memory in use before: 80.1 MB.
System memory in use after: 80.2 MB.

Unloading 5 unused Assets to reduce memory usage. Loaded Objects now: 1690.
Total: 2.156100 ms (FindLiveObjects: 0.162300 ms CreateObjectMapping: 0.042400 ms MarkObjects: 1.815300 ms  DeleteObjects: 0.135200 ms)

========================================================================
Received Import Request.
  Time since last request: 100.426243 seconds.
  path: Assets/Scripts/PlayerStatController.cs
  artifactKey: Guid(e33cc9ffe523f1344988510d256e88ff) Importer(815301076,1909f56bfc062723c751e8b465ee728b)
Start importing Assets/Scripts/PlayerStatController.cs using Guid(e33cc9ffe523f1344988510d256e88ff) Importer(815301076,1909f56bfc062723c751e8b465ee728b)  -> (artifact id: '53e1b39c2142ea7b49b7b3f8f842d737') in 0.037364 seconds
  Import took 0.040363 seconds .

========================================================================
Received Import Request.
  Time since last request: 0.040799 seconds.
  path: Assets/Scripts/PlayerStatController.cs
  artifactKey: Guid(e33cc9ffe523f1344988510d256e88ff) Importer(815301076,1909f56bfc062723c751e8b465ee728b)
Start importing Assets/Scripts/PlayerStatController.cs using Guid(e33cc9ffe523f1344988510d256e88ff) Importer(815301076,1909f56bfc062723c751e8b465ee728b)  -> (artifact id: '53e1b39c2142ea7b49b7b3f8f842d737') in 0.001764 seconds
  Import took 0.004443 seconds .

========================================================================
Received Prepare
Registering precompiled user dll's ...
Registered in 0.001220 seconds.
Begin MonoManager ReloadAssembly
Native extension for WindowsStandalone target not found
Native extension for WebGL target not found
Refreshing native plugins compatible for Editor in 0.29 ms, found 0 plugins.
Preloading 0 native plugins for Editor in 0.00 ms.
Invoked RoslynAnalysisRunner static constructor.
RoslynAnalysisRunner will not be running.
RoslynAnalysisRunner has terminated.
Mono: successfully reloaded assembly
- Completed reload, in  1.225 seconds
Platform modules already initialized, skipping
Refreshing native plugins compatible for Editor in 0.44 ms, found 0 plugins.
Preloading 0 native plugins for Editor in 0.00 ms.
Unloading 1148 Unused Serialized files (Serialized files now loaded: 0)
System memory in use before: 80.1 MB.
System memory in use after: 80.2 MB.

Unloading 5 unused Assets to reduce memory usage. Loaded Objects now: 1693.
Total: 5.984800 ms (FindLiveObjects: 0.839400 ms CreateObjectMapping: 0.075000 ms MarkObjects: 4.906200 ms  DeleteObjects: 0.159400 ms)

========================================================================
Received Prepare
Registering precompiled user dll's ...
Registered in 0.000684 seconds.
Begin MonoManager ReloadAssembly
Native extension for WindowsStandalone target not found
Native extension for WebGL target not found
Refreshing native plugins compatible for Editor in 0.29 ms, found 0 plugins.
Preloading 0 native plugins for Editor in 0.00 ms.
Invoked RoslynAnalysisRunner static constructor.
RoslynAnalysisRunner will not be running.
RoslynAnalysisRunner has terminated.
Mono: successfully reloaded assembly
- Completed reload, in  1.038 seconds
Platform modules already initialized, skipping
Refreshing native plugins compatible for Editor in 0.36 ms, found 0 plugins.
Preloading 0 native plugins for Editor in 0.00 ms.
Unloading 1148 Unused Serialized files (Serialized files now loaded: 0)
System memory in use before: 80.1 MB.
System memory in use after: 80.2 MB.

Unloading 5 unused Assets to reduce memory usage. Loaded Objects now: 1696.
Total: 12.702900 ms (FindLiveObjects: 1.168300 ms CreateObjectMapping: 0.328100 ms MarkObjects: 10.788700 ms  DeleteObjects: 0.400500 ms)

========================================================================
Received Import Request.
  Time since last request: 22.496358 seconds.
  path: Assets/Scripts/UI/UIController.cs
  artifactKey: Guid(b60bc4586c04b0642a4bc843abf476f3) Importer(815301076,1909f56bfc062723c751e8b465ee728b)
Start importing Assets/Scripts/UI/UIController.cs using Guid(b60bc4586c04b0642a4bc843abf476f3) Importer(815301076,1909f56bfc062723c751e8b465ee728b)  -> (artifact id: 'b55245dcf6df876b9b564543634dbe19') in 0.006814 seconds
  Import took 0.406272 seconds .

========================================================================
Received Import Request.
  Time since last request: 0.836464 seconds.
  path: Assets/Scripts/UI/TooltipController.cs
  artifactKey: Guid(6c8c16ab417d90249a4593e49386539c) Importer(815301076,1909f56bfc062723c751e8b465ee728b)
Start importing Assets/Scripts/UI/TooltipController.cs using Guid(6c8c16ab417d90249a4593e49386539c) Importer(815301076,1909f56bfc062723c751e8b465ee728b)  -> (artifact id: '4fff293073abb72068a4c73830265630') in 0.001432 seconds
  Import took 0.004303 seconds .

========================================================================
Received Import Request.
  Time since last request: 0.002413 seconds.
  path: Assets/Scripts/UI/TooltipController.cs
  artifactKey: Guid(6c8c16ab417d90249a4593e49386539c) Importer(815301076,1909f56bfc062723c751e8b465ee728b)
Start importing Assets/Scripts/UI/TooltipController.cs using Guid(6c8c16ab417d90249a4593e49386539c) Importer(815301076,1909f56bfc062723c751e8b465ee728b)  -> (artifact id: '4fff293073abb72068a4c73830265630') in 0.003946 seconds
  Import took 0.007072 seconds .

========================================================================
Received Import Request.
  Time since last request: 0.566013 seconds.
  path: Assets/Scripts/UI/ChatController.cs
  artifactKey: Guid(16bf07e432e78c44d871fb55ea5a788d) Importer(815301076,1909f56bfc062723c751e8b465ee728b)
Start importing Assets/Scripts/UI/ChatController.cs using Guid(16bf07e432e78c44d871fb55ea5a788d) Importer(815301076,1909f56bfc062723c751e8b465ee728b)  -> (artifact id: '1949b519a7928e613e12660faff0d435') in 0.001314 seconds
  Import took 0.003611 seconds .

========================================================================
Received Import Request.
  Time since last request: 0.008593 seconds.
  path: Assets/Scripts/UI/ChatController.cs
  artifactKey: Guid(16bf07e432e78c44d871fb55ea5a788d) Importer(815301076,1909f56bfc062723c751e8b465ee728b)
Start importing Assets/Scripts/UI/ChatController.cs using Guid(16bf07e432e78c44d871fb55ea5a788d) Importer(815301076,1909f56bfc062723c751e8b465ee728b)  -> (artifact id: '1949b519a7928e613e12660faff0d435') in 0.002679 seconds
  Import took 0.008079 seconds .

========================================================================
Received Prepare
Registering precompiled user dll's ...
Registered in 0.000700 seconds.
Begin MonoManager ReloadAssembly
Native extension for WindowsStandalone target not found
Native extension for WebGL target not found
Refreshing native plugins compatible for Editor in 0.36 ms, found 0 plugins.
Preloading 0 native plugins for Editor in 0.00 ms.
Invoked RoslynAnalysisRunner static constructor.
RoslynAnalysisRunner will not be running.
RoslynAnalysisRunner has terminated.
Mono: successfully reloaded assembly
- Completed reload, in  0.990 seconds
Platform modules already initialized, skipping
Refreshing native plugins compatible for Editor in 0.33 ms, found 0 plugins.
Preloading 0 native plugins for Editor in 0.00 ms.
Unloading 1148 Unused Serialized files (Serialized files now loaded: 0)
System memory in use before: 80.2 MB.
System memory in use after: 80.2 MB.

Unloading 5 unused Assets to reduce memory usage. Loaded Objects now: 1699.
Total: 2.793100 ms (FindLiveObjects: 0.285100 ms CreateObjectMapping: 0.063100 ms MarkObjects: 2.319600 ms  DeleteObjects: 0.123600 ms)

========================================================================
Received Prepare
Registering precompiled user dll's ...
Registered in 0.000681 seconds.
Begin MonoManager ReloadAssembly
Native extension for WindowsStandalone target not found
Native extension for WebGL target not found
Refreshing native plugins compatible for Editor in 0.28 ms, found 0 plugins.
Preloading 0 native plugins for Editor in 0.00 ms.
Invoked RoslynAnalysisRunner static constructor.
RoslynAnalysisRunner will not be running.
RoslynAnalysisRunner has terminated.
Mono: successfully reloaded assembly
- Completed reload, in  1.021 seconds
Platform modules already initialized, skipping
Refreshing native plugins compatible for Editor in 0.38 ms, found 0 plugins.
Preloading 0 native plugins for Editor in 0.00 ms.
Unloading 1148 Unused Serialized files (Serialized files now loaded: 0)
System memory in use before: 80.2 MB.
System memory in use after: 80.2 MB.

Unloading 5 unused Assets to reduce memory usage. Loaded Objects now: 1702.
Total: 3.024300 ms (FindLiveObjects: 0.187400 ms CreateObjectMapping: 0.046000 ms MarkObjects: 2.672100 ms  DeleteObjects: 0.116600 ms)

========================================================================
Received Prepare
Registering precompiled user dll's ...
Registered in 0.000648 seconds.
Begin MonoManager ReloadAssembly
Native extension for WindowsStandalone target not found
Native extension for WebGL target not found
Refreshing native plugins compatible for Editor in 0.31 ms, found 0 plugins.
Preloading 0 native plugins for Editor in 0.00 ms.
Invoked RoslynAnalysisRunner static constructor.
RoslynAnalysisRunner will not be running.
RoslynAnalysisRunner has terminated.
Mono: successfully reloaded assembly
- Completed reload, in  0.867 seconds
Platform modules already initialized, skipping
Refreshing native plugins compatible for Editor in 0.30 ms, found 0 plugins.
Preloading 0 native plugins for Editor in 0.00 ms.
Unloading 1148 Unused Serialized files (Serialized files now loaded: 0)
System memory in use before: 80.2 MB.
System memory in use after: 80.3 MB.

Unloading 5 unused Assets to reduce memory usage. Loaded Objects now: 1705.
Total: 2.002600 ms (FindLiveObjects: 0.137700 ms CreateObjectMapping: 0.040200 ms MarkObjects: 1.701200 ms  DeleteObjects: 0.121700 ms)

========================================================================
Received Prepare
Registering precompiled user dll's ...
Registered in 0.000695 seconds.
Begin MonoManager ReloadAssembly
Native extension for WindowsStandalone target not found
Native extension for WebGL target not found
Refreshing native plugins compatible for Editor in 0.28 ms, found 0 plugins.
Preloading 0 native plugins for Editor in 0.00 ms.
Invoked RoslynAnalysisRunner static constructor.
RoslynAnalysisRunner will not be running.
RoslynAnalysisRunner has terminated.
Mono: successfully reloaded assembly
- Completed reload, in  0.922 seconds
Platform modules already initialized, skipping
Refreshing native plugins compatible for Editor in 0.30 ms, found 0 plugins.
Preloading 0 native plugins for Editor in 0.00 ms.
Unloading 1148 Unused Serialized files (Serialized files now loaded: 0)
System memory in use before: 80.2 MB.
System memory in use after: 80.3 MB.

Unloading 5 unused Assets to reduce memory usage. Loaded Objects now: 1708.
Total: 3.609600 ms (FindLiveObjects: 0.426200 ms CreateObjectMapping: 0.078600 ms MarkObjects: 2.387600 ms  DeleteObjects: 0.715100 ms)

========================================================================
Received Prepare
Registering precompiled user dll's ...
Registered in 0.000714 seconds.
Begin MonoManager ReloadAssembly
Native extension for WindowsStandalone target not found
Native extension for WebGL target not found
Refreshing native plugins compatible for Editor in 0.32 ms, found 0 plugins.
Preloading 0 native plugins for Editor in 0.00 ms.
Invoked RoslynAnalysisRunner static constructor.
RoslynAnalysisRunner will not be running.
RoslynAnalysisRunner has terminated.
Mono: successfully reloaded assembly
- Completed reload, in  0.919 seconds
Platform modules already initialized, skipping
Refreshing native plugins compatible for Editor in 0.33 ms, found 0 plugins.
Preloading 0 native plugins for Editor in 0.00 ms.
Unloading 1148 Unused Serialized files (Serialized files now loaded: 0)
System memory in use before: 80.2 MB.
System memory in use after: 80.3 MB.

Unloading 5 unused Assets to reduce memory usage. Loaded Objects now: 1711.
Total: 2.603700 ms (FindLiveObjects: 0.294400 ms CreateObjectMapping: 0.099500 ms MarkObjects: 1.968000 ms  DeleteObjects: 0.240400 ms)

========================================================================
Received Import Request.
  Time since last request: 3649.372484 seconds.
  path: Assets/Scripts/Inventory and Equipments/Inventory/InventoryCell.cs
  artifactKey: Guid(58317539eaacb064b9cb12a6abf482f9) Importer(815301076,1909f56bfc062723c751e8b465ee728b)
Start importing Assets/Scripts/Inventory and Equipments/Inventory/InventoryCell.cs using Guid(58317539eaacb064b9cb12a6abf482f9) Importer(815301076,1909f56bfc062723c751e8b465ee728b)  -> (artifact id: '7497aa00f66effc0763d91425dd623c7') in 0.257465 seconds
  Import took 0.290435 seconds .

========================================================================
Received Import Request.
  Time since last request: 154.768677 seconds.
  path: Assets/Scripts/UI/UIController.cs
  artifactKey: Guid(b60bc4586c04b0642a4bc843abf476f3) Importer(815301076,1909f56bfc062723c751e8b465ee728b)
Start importing Assets/Scripts/UI/UIController.cs using Guid(b60bc4586c04b0642a4bc843abf476f3) Importer(815301076,1909f56bfc062723c751e8b465ee728b)  -> (artifact id: 'a512fb1ee2dd9e21498fc15013a4bbc0') in 0.041712 seconds
  Import took 0.055647 seconds .

========================================================================
Received Prepare
Registering precompiled user dll's ...
Registered in 0.000815 seconds.
Begin MonoManager ReloadAssembly
Native extension for WindowsStandalone target not found
Native extension for WebGL target not found
Refreshing native plugins compatible for Editor in 0.33 ms, found 0 plugins.
Preloading 0 native plugins for Editor in 0.00 ms.
Invoked RoslynAnalysisRunner static constructor.
RoslynAnalysisRunner will not be running.
RoslynAnalysisRunner has terminated.
Mono: successfully reloaded assembly
- Completed reload, in  0.925 seconds
Platform modules already initialized, skipping
Refreshing native plugins compatible for Editor in 0.29 ms, found 0 plugins.
Preloading 0 native plugins for Editor in 0.00 ms.
Unloading 1148 Unused Serialized files (Serialized files now loaded: 0)
System memory in use before: 80.2 MB.
System memory in use after: 80.3 MB.

Unloading 5 unused Assets to reduce memory usage. Loaded Objects now: 1714.
Total: 2.126700 ms (FindLiveObjects: 0.166200 ms CreateObjectMapping: 0.053900 ms MarkObjects: 1.773900 ms  DeleteObjects: 0.131100 ms)

========================================================================
Received Import Request.
  Time since last request: 266.681338 seconds.
  path: Assets/Scripts/UI/UIController.cs
  artifactKey: Guid(b60bc4586c04b0642a4bc843abf476f3) Importer(815301076,1909f56bfc062723c751e8b465ee728b)
Start importing Assets/Scripts/UI/UIController.cs using Guid(b60bc4586c04b0642a4bc843abf476f3) Importer(815301076,1909f56bfc062723c751e8b465ee728b)  -> (artifact id: '0e4eba884c43065627ccaa3687ea2c0e') in 0.003184 seconds
  Import took 0.005359 seconds .

========================================================================
Received Prepare
Registering precompiled user dll's ...
Registered in 0.000675 seconds.
Begin MonoManager ReloadAssembly
Native extension for WindowsStandalone target not found
Native extension for WebGL target not found
Refreshing native plugins compatible for Editor in 0.30 ms, found 0 plugins.
Preloading 0 native plugins for Editor in 0.00 ms.
Invoked RoslynAnalysisRunner static constructor.
RoslynAnalysisRunner will not be running.
RoslynAnalysisRunner has terminated.
Mono: successfully reloaded assembly
- Completed reload, in  0.920 seconds
Platform modules already initialized, skipping
Refreshing native plugins compatible for Editor in 0.29 ms, found 0 plugins.
Preloading 0 native plugins for Editor in 0.00 ms.
Unloading 1148 Unused Serialized files (Serialized files now loaded: 0)
System memory in use before: 80.2 MB.
System memory in use after: 80.3 MB.

Unloading 5 unused Assets to reduce memory usage. Loaded Objects now: 1717.
Total: 2.111700 ms (FindLiveObjects: 0.171600 ms CreateObjectMapping: 0.044200 ms MarkObjects: 1.722900 ms  DeleteObjects: 0.171300 ms)

========================================================================
Received Import Request.
  Time since last request: 73.336631 seconds.
  path: Assets/Scripts/UI/ItemInfoUIController.cs
  artifactKey: Guid(9e77dc6b50874214ca9ea5d6febfbed8) Importer(815301076,1909f56bfc062723c751e8b465ee728b)
Start importing Assets/Scripts/UI/ItemInfoUIController.cs using Guid(9e77dc6b50874214ca9ea5d6febfbed8) Importer(815301076,1909f56bfc062723c751e8b465ee728b)  -> (artifact id: '9a7b9f79904dfd1c4f143ea8e8aa15bc') in 0.005978 seconds
  Import took 0.008987 seconds .

========================================================================
Received Prepare
Registering precompiled user dll's ...
Registered in 0.000787 seconds.
Begin MonoManager ReloadAssembly
Native extension for WindowsStandalone target not found
Native extension for WebGL target not found
Refreshing native plugins compatible for Editor in 0.37 ms, found 0 plugins.
Preloading 0 native plugins for Editor in 0.00 ms.
Invoked RoslynAnalysisRunner static constructor.
RoslynAnalysisRunner will not be running.
RoslynAnalysisRunner has terminated.
Mono: successfully reloaded assembly
- Completed reload, in  1.091 seconds
Platform modules already initialized, skipping
Refreshing native plugins compatible for Editor in 0.45 ms, found 0 plugins.
Preloading 0 native plugins for Editor in 0.00 ms.
Unloading 1149 Unused Serialized files (Serialized files now loaded: 0)
System memory in use before: 80.2 MB.
System memory in use after: 80.3 MB.

Unloading 5 unused Assets to reduce memory usage. Loaded Objects now: 1721.
Total: 2.316300 ms (FindLiveObjects: 0.186100 ms CreateObjectMapping: 0.049200 ms MarkObjects: 1.951400 ms  DeleteObjects: 0.128000 ms)

========================================================================
Received Import Request.
  Time since last request: 261.839419 seconds.
  path: Assets/Scripts/UI/ItemInfoUIController.cs
  artifactKey: Guid(9e77dc6b50874214ca9ea5d6febfbed8) Importer(815301076,1909f56bfc062723c751e8b465ee728b)
Start importing Assets/Scripts/UI/ItemInfoUIController.cs using Guid(9e77dc6b50874214ca9ea5d6febfbed8) Importer(815301076,1909f56bfc062723c751e8b465ee728b)  -> (artifact id: '6caa1701f502daa241f83b1162bbdf8e') in 0.008034 seconds
  Import took 0.028357 seconds .

========================================================================
Received Import Request.
  Time since last request: 0.046353 seconds.
  path: Assets/Scripts/UI/ItemInfoUIController.cs
  artifactKey: Guid(9e77dc6b50874214ca9ea5d6febfbed8) Importer(815301076,1909f56bfc062723c751e8b465ee728b)
Start importing Assets/Scripts/UI/ItemInfoUIController.cs using Guid(9e77dc6b50874214ca9ea5d6febfbed8) Importer(815301076,1909f56bfc062723c751e8b465ee728b)  -> (artifact id: '6caa1701f502daa241f83b1162bbdf8e') in 0.012321 seconds
  Import took 0.029236 seconds .

========================================================================
Received Import Request.
  Time since last request: 145.530004 seconds.
  path: Assets/Scripts/UI/ItemInfoUIController.cs
  artifactKey: Guid(9e77dc6b50874214ca9ea5d6febfbed8) Importer(815301076,1909f56bfc062723c751e8b465ee728b)
Start importing Assets/Scripts/UI/ItemInfoUIController.cs using Guid(9e77dc6b50874214ca9ea5d6febfbed8) Importer(815301076,1909f56bfc062723c751e8b465ee728b)  -> (artifact id: '89958054ef45213dab651013e16fcc19') in 0.001556 seconds
  Import took 0.015187 seconds .

========================================================================
Received Import Request.
  Time since last request: 0.018744 seconds.
  path: Assets/Scripts/UI/ItemInfoUIController.cs
  artifactKey: Guid(9e77dc6b50874214ca9ea5d6febfbed8) Importer(815301076,1909f56bfc062723c751e8b465ee728b)
Start importing Assets/Scripts/UI/ItemInfoUIController.cs using Guid(9e77dc6b50874214ca9ea5d6febfbed8) Importer(815301076,1909f56bfc062723c751e8b465ee728b)  -> (artifact id: '89958054ef45213dab651013e16fcc19') in 0.001613 seconds
  Import took 0.004602 seconds .

========================================================================
Received Prepare
Registering precompiled user dll's ...
Registered in 0.000681 seconds.
Begin MonoManager ReloadAssembly
Native extension for WindowsStandalone target not found
Native extension for WebGL target not found
Refreshing native plugins compatible for Editor in 0.30 ms, found 0 plugins.
Preloading 0 native plugins for Editor in 0.00 ms.
Invoked RoslynAnalysisRunner static constructor.
RoslynAnalysisRunner will not be running.
RoslynAnalysisRunner has terminated.
Mono: successfully reloaded assembly
- Completed reload, in  0.915 seconds
Platform modules already initialized, skipping
Refreshing native plugins compatible for Editor in 0.29 ms, found 0 plugins.
Preloading 0 native plugins for Editor in 0.00 ms.
Unloading 1149 Unused Serialized files (Serialized files now loaded: 0)
System memory in use before: 80.2 MB.
System memory in use after: 80.3 MB.

Unloading 5 unused Assets to reduce memory usage. Loaded Objects now: 1724.
Total: 2.875700 ms (FindLiveObjects: 0.172900 ms CreateObjectMapping: 0.040100 ms MarkObjects: 2.498400 ms  DeleteObjects: 0.162800 ms)

========================================================================
Received Prepare
Registering precompiled user dll's ...
Registered in 0.000865 seconds.
Begin MonoManager ReloadAssembly
Native extension for WindowsStandalone target not found
Native extension for WebGL target not found
Refreshing native plugins compatible for Editor in 0.37 ms, found 0 plugins.
Preloading 0 native plugins for Editor in 0.00 ms.
Invoked RoslynAnalysisRunner static constructor.
RoslynAnalysisRunner will not be running.
RoslynAnalysisRunner has terminated.
Mono: successfully reloaded assembly
- Completed reload, in  1.303 seconds
Platform modules already initialized, skipping
Refreshing native plugins compatible for Editor in 0.32 ms, found 0 plugins.
Preloading 0 native plugins for Editor in 0.00 ms.
Unloading 1149 Unused Serialized files (Serialized files now loaded: 0)
System memory in use before: 80.2 MB.
System memory in use after: 80.3 MB.

Unloading 5 unused Assets to reduce memory usage. Loaded Objects now: 1727.
Total: 2.584600 ms (FindLiveObjects: 0.201200 ms CreateObjectMapping: 0.050800 ms MarkObjects: 2.133200 ms  DeleteObjects: 0.197700 ms)

========================================================================
Received Import Request.
  Time since last request: 191.033224 seconds.
  path: Assets/Scripts/UI/ItemInfoUIController.cs
  artifactKey: Guid(9e77dc6b50874214ca9ea5d6febfbed8) Importer(815301076,1909f56bfc062723c751e8b465ee728b)
Start importing Assets/Scripts/UI/ItemInfoUIController.cs using Guid(9e77dc6b50874214ca9ea5d6febfbed8) Importer(815301076,1909f56bfc062723c751e8b465ee728b)  -> (artifact id: '99f1f89eb00710fe2cd6e778963377d2') in 0.008629 seconds
  Import took 0.011882 seconds .

========================================================================
Received Prepare
Registering precompiled user dll's ...
Registered in 0.001184 seconds.
Begin MonoManager ReloadAssembly
Native extension for WindowsStandalone target not found
Native extension for WebGL target not found
Refreshing native plugins compatible for Editor in 0.31 ms, found 0 plugins.
Preloading 0 native plugins for Editor in 0.00 ms.
Invoked RoslynAnalysisRunner static constructor.
RoslynAnalysisRunner will not be running.
RoslynAnalysisRunner has terminated.
Mono: successfully reloaded assembly
- Completed reload, in  1.096 seconds
Platform modules already initialized, skipping
Refreshing native plugins compatible for Editor in 0.32 ms, found 0 plugins.
Preloading 0 native plugins for Editor in 0.00 ms.
Unloading 1149 Unused Serialized files (Serialized files now loaded: 0)
System memory in use before: 80.2 MB.
System memory in use after: 80.3 MB.

Unloading 5 unused Assets to reduce memory usage. Loaded Objects now: 1730.
Total: 2.394800 ms (FindLiveObjects: 0.196300 ms CreateObjectMapping: 0.043500 ms MarkObjects: 2.030000 ms  DeleteObjects: 0.123000 ms)

========================================================================
Received Prepare
Registering precompiled user dll's ...
Registered in 0.000689 seconds.
Begin MonoManager ReloadAssembly
Native extension for WindowsStandalone target not found
Native extension for WebGL target not found
Refreshing native plugins compatible for Editor in 0.29 ms, found 0 plugins.
Preloading 0 native plugins for Editor in 0.00 ms.
Invoked RoslynAnalysisRunner static constructor.
RoslynAnalysisRunner will not be running.
RoslynAnalysisRunner has terminated.
Mono: successfully reloaded assembly
- Completed reload, in  0.912 seconds
Platform modules already initialized, skipping
Refreshing native plugins compatible for Editor in 0.29 ms, found 0 plugins.
Preloading 0 native plugins for Editor in 0.00 ms.
Unloading 1149 Unused Serialized files (Serialized files now loaded: 0)
System memory in use before: 80.2 MB.
System memory in use after: 80.3 MB.

Unloading 5 unused Assets to reduce memory usage. Loaded Objects now: 1733.
Total: 2.155500 ms (FindLiveObjects: 0.179000 ms CreateObjectMapping: 0.053500 ms MarkObjects: 1.790700 ms  DeleteObjects: 0.131100 ms)

========================================================================
Received Prepare
Registering precompiled user dll's ...
Registered in 0.000667 seconds.
Begin MonoManager ReloadAssembly
Native extension for WindowsStandalone target not found
Native extension for WebGL target not found
Refreshing native plugins compatible for Editor in 0.28 ms, found 0 plugins.
Preloading 0 native plugins for Editor in 0.00 ms.
Invoked RoslynAnalysisRunner static constructor.
RoslynAnalysisRunner will not be running.
RoslynAnalysisRunner has terminated.
Mono: successfully reloaded assembly
- Completed reload, in  1.082 seconds
Platform modules already initialized, skipping
Refreshing native plugins compatible for Editor in 0.36 ms, found 0 plugins.
Preloading 0 native plugins for Editor in 0.00 ms.
Unloading 1149 Unused Serialized files (Serialized files now loaded: 0)
System memory in use before: 80.3 MB.
System memory in use after: 80.3 MB.

Unloading 5 unused Assets to reduce memory usage. Loaded Objects now: 1736.
Total: 2.479600 ms (FindLiveObjects: 0.176500 ms CreateObjectMapping: 0.097900 ms MarkObjects: 2.047400 ms  DeleteObjects: 0.156500 ms)

========================================================================
Received Prepare
Registering precompiled user dll's ...
Registered in 0.001968 seconds.
Begin MonoManager ReloadAssembly
Native extension for WindowsStandalone target not found
Native extension for WebGL target not found
Refreshing native plugins compatible for Editor in 0.33 ms, found 0 plugins.
Preloading 0 native plugins for Editor in 0.00 ms.
Invoked RoslynAnalysisRunner static constructor.
RoslynAnalysisRunner will not be running.
RoslynAnalysisRunner has terminated.
Mono: successfully reloaded assembly
- Completed reload, in  1.363 seconds
Platform modules already initialized, skipping
Refreshing native plugins compatible for Editor in 0.29 ms, found 0 plugins.
Preloading 0 native plugins for Editor in 0.00 ms.
Unloading 1149 Unused Serialized files (Serialized files now loaded: 0)
System memory in use before: 80.3 MB.
System memory in use after: 80.3 MB.

Unloading 5 unused Assets to reduce memory usage. Loaded Objects now: 1739.
Total: 2.097600 ms (FindLiveObjects: 0.218000 ms CreateObjectMapping: 0.050600 ms MarkObjects: 1.713000 ms  DeleteObjects: 0.114400 ms)

========================================================================
Received Prepare
Registering precompiled user dll's ...
Registered in 0.000747 seconds.
Begin MonoManager ReloadAssembly
Native extension for WindowsStandalone target not found
Native extension for WebGL target not found
Refreshing native plugins compatible for Editor in 0.29 ms, found 0 plugins.
Preloading 0 native plugins for Editor in 0.00 ms.
Invoked RoslynAnalysisRunner static constructor.
RoslynAnalysisRunner will not be running.
RoslynAnalysisRunner has terminated.
Mono: successfully reloaded assembly
- Completed reload, in  0.920 seconds
Platform modules already initialized, skipping
Refreshing native plugins compatible for Editor in 0.29 ms, found 0 plugins.
Preloading 0 native plugins for Editor in 0.00 ms.
Unloading 1149 Unused Serialized files (Serialized files now loaded: 0)
System memory in use before: 80.3 MB.
System memory in use after: 80.3 MB.

Unloading 5 unused Assets to reduce memory usage. Loaded Objects now: 1742.
Total: 2.346800 ms (FindLiveObjects: 0.206500 ms CreateObjectMapping: 0.048000 ms MarkObjects: 1.914800 ms  DeleteObjects: 0.175500 ms)

========================================================================
Received Prepare
Registering precompiled user dll's ...
Registered in 0.001400 seconds.
Begin MonoManager ReloadAssembly
Native extension for WindowsStandalone target not found
Native extension for WebGL target not found
Refreshing native plugins compatible for Editor in 0.31 ms, found 0 plugins.
Preloading 0 native plugins for Editor in 0.00 ms.
Invoked RoslynAnalysisRunner static constructor.
RoslynAnalysisRunner will not be running.
RoslynAnalysisRunner has terminated.
Mono: successfully reloaded assembly
- Completed reload, in  0.990 seconds
Platform modules already initialized, skipping
Refreshing native plugins compatible for Editor in 0.37 ms, found 0 plugins.
Preloading 0 native plugins for Editor in 0.00 ms.
Unloading 1149 Unused Serialized files (Serialized files now loaded: 0)
System memory in use before: 80.3 MB.
System memory in use after: 80.3 MB.

Unloading 5 unused Assets to reduce memory usage. Loaded Objects now: 1745.
Total: 2.361600 ms (FindLiveObjects: 0.214900 ms CreateObjectMapping: 0.054700 ms MarkObjects: 1.926000 ms  DeleteObjects: 0.163500 ms)

========================================================================
Received Prepare
Registering precompiled user dll's ...
Registered in 0.000637 seconds.
Begin MonoManager ReloadAssembly
Native extension for WindowsStandalone target not found
Native extension for WebGL target not found
Refreshing native plugins compatible for Editor in 0.31 ms, found 0 plugins.
Preloading 0 native plugins for Editor in 0.00 ms.
Invoked RoslynAnalysisRunner static constructor.
RoslynAnalysisRunner will not be running.
RoslynAnalysisRunner has terminated.
Mono: successfully reloaded assembly
- Completed reload, in  0.925 seconds
Platform modules already initialized, skipping
Refreshing native plugins compatible for Editor in 0.29 ms, found 0 plugins.
Preloading 0 native plugins for Editor in 0.00 ms.
Unloading 1149 Unused Serialized files (Serialized files now loaded: 0)
System memory in use before: 80.3 MB.
System memory in use after: 80.3 MB.

Unloading 5 unused Assets to reduce memory usage. Loaded Objects now: 1748.
Total: 2.752700 ms (FindLiveObjects: 0.273900 ms CreateObjectMapping: 0.096900 ms MarkObjects: 2.245400 ms  DeleteObjects: 0.134100 ms)

========================================================================
Received Prepare
Registering precompiled user dll's ...
Registered in 0.000718 seconds.
Begin MonoManager ReloadAssembly
Native extension for WindowsStandalone target not found
Native extension for WebGL target not found
Refreshing native plugins compatible for Editor in 0.31 ms, found 0 plugins.
Preloading 0 native plugins for Editor in 0.00 ms.
Invoked RoslynAnalysisRunner static constructor.
RoslynAnalysisRunner will not be running.
RoslynAnalysisRunner has terminated.
Mono: successfully reloaded assembly
- Completed reload, in  0.889 seconds
Platform modules already initialized, skipping
Refreshing native plugins compatible for Editor in 0.31 ms, found 0 plugins.
Preloading 0 native plugins for Editor in 0.00 ms.
Unloading 1149 Unused Serialized files (Serialized files now loaded: 0)
System memory in use before: 80.3 MB.
System memory in use after: 80.4 MB.

Unloading 5 unused Assets to reduce memory usage. Loaded Objects now: 1751.
Total: 2.597700 ms (FindLiveObjects: 0.172500 ms CreateObjectMapping: 0.051000 ms MarkObjects: 2.245500 ms  DeleteObjects: 0.127500 ms)

========================================================================
Received Prepare
Registering precompiled user dll's ...
Registered in 0.000990 seconds.
Begin MonoManager ReloadAssembly
Native extension for WindowsStandalone target not found
Native extension for WebGL target not found
Refreshing native plugins compatible for Editor in 0.30 ms, found 0 plugins.
Preloading 0 native plugins for Editor in 0.00 ms.
Invoked RoslynAnalysisRunner static constructor.
RoslynAnalysisRunner will not be running.
RoslynAnalysisRunner has terminated.
Mono: successfully reloaded assembly
- Completed reload, in  0.915 seconds
Platform modules already initialized, skipping
Refreshing native plugins compatible for Editor in 0.30 ms, found 0 plugins.
Preloading 0 native plugins for Editor in 0.00 ms.
Unloading 1149 Unused Serialized files (Serialized files now loaded: 0)
System memory in use before: 80.3 MB.
System memory in use after: 80.4 MB.

Unloading 5 unused Assets to reduce memory usage. Loaded Objects now: 1754.
Total: 2.751200 ms (FindLiveObjects: 0.324400 ms CreateObjectMapping: 0.045100 ms MarkObjects: 2.107700 ms  DeleteObjects: 0.273000 ms)

========================================================================
Received Prepare
Registering precompiled user dll's ...
Registered in 0.000576 seconds.
Begin MonoManager ReloadAssembly
Native extension for WindowsStandalone target not found
Native extension for WebGL target not found
Refreshing native plugins compatible for Editor in 0.38 ms, found 0 plugins.
Preloading 0 native plugins for Editor in 0.00 ms.
Invoked RoslynAnalysisRunner static constructor.
RoslynAnalysisRunner will not be running.
RoslynAnalysisRunner has terminated.
Mono: successfully reloaded assembly
- Completed reload, in  0.979 seconds
Platform modules already initialized, skipping
Refreshing native plugins compatible for Editor in 0.63 ms, found 0 plugins.
Preloading 0 native plugins for Editor in 0.00 ms.
Unloading 1149 Unused Serialized files (Serialized files now loaded: 0)
System memory in use before: 80.3 MB.
System memory in use after: 80.4 MB.

Unloading 5 unused Assets to reduce memory usage. Loaded Objects now: 1757.
Total: 3.756200 ms (FindLiveObjects: 0.403300 ms CreateObjectMapping: 0.109600 ms MarkObjects: 3.035700 ms  DeleteObjects: 0.204900 ms)

========================================================================
Received Prepare
Registering precompiled user dll's ...
Registered in 0.000624 seconds.
Begin MonoManager ReloadAssembly
Native extension for WindowsStandalone target not found
Native extension for WebGL target not found
Refreshing native plugins compatible for Editor in 0.30 ms, found 0 plugins.
Preloading 0 native plugins for Editor in 0.00 ms.
Invoked RoslynAnalysisRunner static constructor.
RoslynAnalysisRunner will not be running.
RoslynAnalysisRunner has terminated.
Mono: successfully reloaded assembly
- Completed reload, in  0.907 seconds
Platform modules already initialized, skipping
Refreshing native plugins compatible for Editor in 0.33 ms, found 0 plugins.
Preloading 0 native plugins for Editor in 0.00 ms.
Unloading 1149 Unused Serialized files (Serialized files now loaded: 0)
System memory in use before: 80.3 MB.
System memory in use after: 80.4 MB.

Unloading 5 unused Assets to reduce memory usage. Loaded Objects now: 1760.
Total: 2.301900 ms (FindLiveObjects: 0.194500 ms CreateObjectMapping: 0.053300 ms MarkObjects: 1.925900 ms  DeleteObjects: 0.126200 ms)

========================================================================
Received Prepare
Registering precompiled user dll's ...
Registered in 0.000806 seconds.
Begin MonoManager ReloadAssembly
Native extension for WindowsStandalone target not found
Native extension for WebGL target not found
Refreshing native plugins compatible for Editor in 0.38 ms, found 0 plugins.
Preloading 0 native plugins for Editor in 0.00 ms.
Invoked RoslynAnalysisRunner static constructor.
RoslynAnalysisRunner will not be running.
RoslynAnalysisRunner has terminated.
Mono: successfully reloaded assembly
- Completed reload, in  0.872 seconds
Platform modules already initialized, skipping
Refreshing native plugins compatible for Editor in 0.30 ms, found 0 plugins.
Preloading 0 native plugins for Editor in 0.00 ms.
Unloading 1149 Unused Serialized files (Serialized files now loaded: 0)
System memory in use before: 80.3 MB.
System memory in use after: 80.4 MB.

Unloading 5 unused Assets to reduce memory usage. Loaded Objects now: 1763.
Total: 2.178500 ms (FindLiveObjects: 0.175900 ms CreateObjectMapping: 0.043200 ms MarkObjects: 1.838100 ms  DeleteObjects: 0.120200 ms)

========================================================================
Received Prepare
Registering precompiled user dll's ...
Registered in 0.000642 seconds.
Begin MonoManager ReloadAssembly
Native extension for WindowsStandalone target not found
Native extension for WebGL target not found
Refreshing native plugins compatible for Editor in 0.30 ms, found 0 plugins.
Preloading 0 native plugins for Editor in 0.00 ms.
Invoked RoslynAnalysisRunner static constructor.
RoslynAnalysisRunner will not be running.
RoslynAnalysisRunner has terminated.
Mono: successfully reloaded assembly
- Completed reload, in  0.892 seconds
Platform modules already initialized, skipping
Refreshing native plugins compatible for Editor in 0.30 ms, found 0 plugins.
Preloading 0 native plugins for Editor in 0.00 ms.
Unloading 1149 Unused Serialized files (Serialized files now loaded: 0)
System memory in use before: 80.3 MB.
System memory in use after: 80.4 MB.

Unloading 5 unused Assets to reduce memory usage. Loaded Objects now: 1766.
Total: 2.393500 ms (FindLiveObjects: 0.202700 ms CreateObjectMapping: 0.060300 ms MarkObjects: 1.984300 ms  DeleteObjects: 0.144300 ms)

========================================================================
Received Prepare
Registering precompiled user dll's ...
Registered in 0.000645 seconds.
Begin MonoManager ReloadAssembly
Native extension for WindowsStandalone target not found
Native extension for WebGL target not found
Refreshing native plugins compatible for Editor in 0.29 ms, found 0 plugins.
Preloading 0 native plugins for Editor in 0.00 ms.
Invoked RoslynAnalysisRunner static constructor.
RoslynAnalysisRunner will not be running.
RoslynAnalysisRunner has terminated.
Mono: successfully reloaded assembly
- Completed reload, in  1.134 seconds
Platform modules already initialized, skipping
Refreshing native plugins compatible for Editor in 0.36 ms, found 0 plugins.
Preloading 0 native plugins for Editor in 0.00 ms.
Unloading 1149 Unused Serialized files (Serialized files now loaded: 0)
System memory in use before: 80.3 MB.
System memory in use after: 80.4 MB.

Unloading 5 unused Assets to reduce memory usage. Loaded Objects now: 1769.
Total: 2.199600 ms (FindLiveObjects: 0.240800 ms CreateObjectMapping: 0.046800 ms MarkObjects: 1.748000 ms  DeleteObjects: 0.161900 ms)

========================================================================
Received Prepare
Registering precompiled user dll's ...
Registered in 0.001001 seconds.
Begin MonoManager ReloadAssembly
Native extension for WindowsStandalone target not found
Native extension for WebGL target not found
Refreshing native plugins compatible for Editor in 0.29 ms, found 0 plugins.
Preloading 0 native plugins for Editor in 0.00 ms.
Invoked RoslynAnalysisRunner static constructor.
RoslynAnalysisRunner will not be running.
RoslynAnalysisRunner has terminated.
Mono: successfully reloaded assembly
- Completed reload, in  1.159 seconds
Platform modules already initialized, skipping
Refreshing native plugins compatible for Editor in 0.51 ms, found 0 plugins.
Preloading 0 native plugins for Editor in 0.00 ms.
Unloading 1149 Unused Serialized files (Serialized files now loaded: 0)
System memory in use before: 80.3 MB.
System memory in use after: 80.4 MB.

Unloading 5 unused Assets to reduce memory usage. Loaded Objects now: 1772.
Total: 2.556900 ms (FindLiveObjects: 0.190800 ms CreateObjectMapping: 0.051800 ms MarkObjects: 2.177100 ms  DeleteObjects: 0.135400 ms)

========================================================================
Received Prepare
Registering precompiled user dll's ...
Registered in 0.000664 seconds.
Begin MonoManager ReloadAssembly
Native extension for WindowsStandalone target not found
Native extension for WebGL target not found
Refreshing native plugins compatible for Editor in 0.32 ms, found 0 plugins.
Preloading 0 native plugins for Editor in 0.00 ms.
Invoked RoslynAnalysisRunner static constructor.
RoslynAnalysisRunner will not be running.
RoslynAnalysisRunner has terminated.
Mono: successfully reloaded assembly
- Completed reload, in  0.930 seconds
Platform modules already initialized, skipping
Refreshing native plugins compatible for Editor in 0.32 ms, found 0 plugins.
Preloading 0 native plugins for Editor in 0.00 ms.
Unloading 1149 Unused Serialized files (Serialized files now loaded: 0)
System memory in use before: 80.4 MB.
System memory in use after: 80.5 MB.

Unloading 5 unused Assets to reduce memory usage. Loaded Objects now: 1775.
Total: 2.352100 ms (FindLiveObjects: 0.205600 ms CreateObjectMapping: 0.045600 ms MarkObjects: 1.980700 ms  DeleteObjects: 0.114600 ms)

========================================================================
Received Prepare
Registering precompiled user dll's ...
Registered in 0.000713 seconds.
Begin MonoManager ReloadAssembly
Native extension for WindowsStandalone target not found
Native extension for WebGL target not found
Refreshing native plugins compatible for Editor in 0.31 ms, found 0 plugins.
Preloading 0 native plugins for Editor in 0.00 ms.
Invoked RoslynAnalysisRunner static constructor.
RoslynAnalysisRunner will not be running.
RoslynAnalysisRunner has terminated.
Mono: successfully reloaded assembly
- Completed reload, in  1.347 seconds
Platform modules already initialized, skipping
Refreshing native plugins compatible for Editor in 0.29 ms, found 0 plugins.
Preloading 0 native plugins for Editor in 0.00 ms.
Unloading 1149 Unused Serialized files (Serialized files now loaded: 0)
System memory in use before: 80.4 MB.
System memory in use after: 80.5 MB.

Unloading 5 unused Assets to reduce memory usage. Loaded Objects now: 1778.
Total: 2.301400 ms (FindLiveObjects: 0.243800 ms CreateObjectMapping: 0.054000 ms MarkObjects: 1.878700 ms  DeleteObjects: 0.123900 ms)

========================================================================
Received Prepare
Registering precompiled user dll's ...
Registered in 0.000691 seconds.
Begin MonoManager ReloadAssembly
Native extension for WindowsStandalone target not found
Native extension for WebGL target not found
Refreshing native plugins compatible for Editor in 0.31 ms, found 0 plugins.
Preloading 0 native plugins for Editor in 0.00 ms.
Invoked RoslynAnalysisRunner static constructor.
RoslynAnalysisRunner will not be running.
RoslynAnalysisRunner has terminated.
Mono: successfully reloaded assembly
- Completed reload, in  0.901 seconds
Platform modules already initialized, skipping
Refreshing native plugins compatible for Editor in 0.29 ms, found 0 plugins.
Preloading 0 native plugins for Editor in 0.00 ms.
Unloading 1149 Unused Serialized files (Serialized files now loaded: 0)
System memory in use before: 80.4 MB.
System memory in use after: 80.5 MB.

Unloading 5 unused Assets to reduce memory usage. Loaded Objects now: 1781.
Total: 2.359500 ms (FindLiveObjects: 0.155200 ms CreateObjectMapping: 0.045400 ms MarkObjects: 1.994100 ms  DeleteObjects: 0.163500 ms)

========================================================================
Received Prepare
Registering precompiled user dll's ...
Registered in 0.000771 seconds.
Begin MonoManager ReloadAssembly
Native extension for WindowsStandalone target not found
Native extension for WebGL target not found
Refreshing native plugins compatible for Editor in 0.39 ms, found 0 plugins.
Preloading 0 native plugins for Editor in 0.00 ms.
Invoked RoslynAnalysisRunner static constructor.
RoslynAnalysisRunner will not be running.
RoslynAnalysisRunner has terminated.
Mono: successfully reloaded assembly
- Completed reload, in  0.925 seconds
Platform modules already initialized, skipping
Refreshing native plugins compatible for Editor in 0.30 ms, found 0 plugins.
Preloading 0 native plugins for Editor in 0.00 ms.
Unloading 1149 Unused Serialized files (Serialized files now loaded: 0)
System memory in use before: 80.4 MB.
System memory in use after: 80.5 MB.

Unloading 5 unused Assets to reduce memory usage. Loaded Objects now: 1784.
Total: 2.383200 ms (FindLiveObjects: 0.167700 ms CreateObjectMapping: 0.046600 ms MarkObjects: 1.841700 ms  DeleteObjects: 0.325700 ms)

========================================================================
Received Prepare
Registering precompiled user dll's ...
Registered in 0.000703 seconds.
Begin MonoManager ReloadAssembly
Native extension for WindowsStandalone target not found
Native extension for WebGL target not found
Refreshing native plugins compatible for Editor in 0.28 ms, found 0 plugins.
Preloading 0 native plugins for Editor in 0.00 ms.
Invoked RoslynAnalysisRunner static constructor.
RoslynAnalysisRunner will not be running.
RoslynAnalysisRunner has terminated.
Mono: successfully reloaded assembly
- Completed reload, in  0.919 seconds
Platform modules already initialized, skipping
Refreshing native plugins compatible for Editor in 0.31 ms, found 0 plugins.
Preloading 0 native plugins for Editor in 0.00 ms.
Unloading 1149 Unused Serialized files (Serialized files now loaded: 0)
System memory in use before: 80.4 MB.
System memory in use after: 80.5 MB.

Unloading 5 unused Assets to reduce memory usage. Loaded Objects now: 1787.
Total: 2.385700 ms (FindLiveObjects: 0.246600 ms CreateObjectMapping: 0.069100 ms MarkObjects: 1.938600 ms  DeleteObjects: 0.130100 ms)

========================================================================
Received Prepare
Registering precompiled user dll's ...
Registered in 0.000668 seconds.
Begin MonoManager ReloadAssembly
Native extension for WindowsStandalone target not found
Native extension for WebGL target not found
Refreshing native plugins compatible for Editor in 0.92 ms, found 0 plugins.
Preloading 0 native plugins for Editor in 0.00 ms.
Invoked RoslynAnalysisRunner static constructor.
RoslynAnalysisRunner will not be running.
RoslynAnalysisRunner has terminated.
Mono: successfully reloaded assembly
- Completed reload, in  1.118 seconds
Platform modules already initialized, skipping
Refreshing native plugins compatible for Editor in 0.50 ms, found 0 plugins.
Preloading 0 native plugins for Editor in 0.00 ms.
Unloading 1149 Unused Serialized files (Serialized files now loaded: 0)
System memory in use before: 80.4 MB.
System memory in use after: 80.5 MB.

Unloading 5 unused Assets to reduce memory usage. Loaded Objects now: 1790.
Total: 2.221300 ms (FindLiveObjects: 0.195800 ms CreateObjectMapping: 0.052900 ms MarkObjects: 1.841900 ms  DeleteObjects: 0.128600 ms)

========================================================================
Received Prepare
Registering precompiled user dll's ...
Registered in 0.000756 seconds.
Begin MonoManager ReloadAssembly
Native extension for WindowsStandalone target not found
Native extension for WebGL target not found
Refreshing native plugins compatible for Editor in 0.31 ms, found 0 plugins.
Preloading 0 native plugins for Editor in 0.00 ms.
Invoked RoslynAnalysisRunner static constructor.
RoslynAnalysisRunner will not be running.
RoslynAnalysisRunner has terminated.
Mono: successfully reloaded assembly
- Completed reload, in  0.899 seconds
Platform modules already initialized, skipping
Refreshing native plugins compatible for Editor in 0.29 ms, found 0 plugins.
Preloading 0 native plugins for Editor in 0.00 ms.
Unloading 1149 Unused Serialized files (Serialized files now loaded: 0)
System memory in use before: 80.5 MB.
System memory in use after: 80.5 MB.

Unloading 5 unused Assets to reduce memory usage. Loaded Objects now: 1793.
Total: 2.339500 ms (FindLiveObjects: 0.270500 ms CreateObjectMapping: 0.039800 ms MarkObjects: 1.897700 ms  DeleteObjects: 0.130600 ms)

========================================================================
Received Prepare
Registering precompiled user dll's ...
Registered in 0.001177 seconds.
Begin MonoManager ReloadAssembly
Native extension for WindowsStandalone target not found
Native extension for WebGL target not found
Refreshing native plugins compatible for Editor in 0.30 ms, found 0 plugins.
Preloading 0 native plugins for Editor in 0.00 ms.
Invoked RoslynAnalysisRunner static constructor.
RoslynAnalysisRunner will not be running.
RoslynAnalysisRunner has terminated.
Mono: successfully reloaded assembly
- Completed reload, in  0.921 seconds
Platform modules already initialized, skipping
Refreshing native plugins compatible for Editor in 0.29 ms, found 0 plugins.
Preloading 0 native plugins for Editor in 0.00 ms.
Unloading 1149 Unused Serialized files (Serialized files now loaded: 0)
System memory in use before: 80.5 MB.
System memory in use after: 80.5 MB.

Unloading 5 unused Assets to reduce memory usage. Loaded Objects now: 1796.
Total: 3.184400 ms (FindLiveObjects: 0.421400 ms CreateObjectMapping: 0.051300 ms MarkObjects: 2.554800 ms  DeleteObjects: 0.155000 ms)

========================================================================
Received Prepare
Registering precompiled user dll's ...
Registered in 0.001238 seconds.
Begin MonoManager ReloadAssembly
Native extension for WindowsStandalone target not found
Native extension for WebGL target not found
Refreshing native plugins compatible for Editor in 0.28 ms, found 0 plugins.
Preloading 0 native plugins for Editor in 0.00 ms.
Invoked RoslynAnalysisRunner static constructor.
RoslynAnalysisRunner will not be running.
RoslynAnalysisRunner has terminated.
Mono: successfully reloaded assembly
- Completed reload, in  1.020 seconds
Platform modules already initialized, skipping
Refreshing native plugins compatible for Editor in 0.29 ms, found 0 plugins.
Preloading 0 native plugins for Editor in 0.00 ms.
Unloading 1149 Unused Serialized files (Serialized files now loaded: 0)
System memory in use before: 80.5 MB.
System memory in use after: 80.5 MB.

Unloading 5 unused Assets to reduce memory usage. Loaded Objects now: 1799.
Total: 2.043000 ms (FindLiveObjects: 0.188900 ms CreateObjectMapping: 0.046600 ms MarkObjects: 1.645000 ms  DeleteObjects: 0.161600 ms)

========================================================================
Received Prepare
Registering precompiled user dll's ...
Registered in 0.000641 seconds.
Begin MonoManager ReloadAssembly
Native extension for WindowsStandalone target not found
Native extension for WebGL target not found
Refreshing native plugins compatible for Editor in 0.37 ms, found 0 plugins.
Preloading 0 native plugins for Editor in 0.00 ms.
Invoked RoslynAnalysisRunner static constructor.
RoslynAnalysisRunner will not be running.
RoslynAnalysisRunner has terminated.
Mono: successfully reloaded assembly
- Completed reload, in  0.917 seconds
Platform modules already initialized, skipping
Refreshing native plugins compatible for Editor in 0.29 ms, found 0 plugins.
Preloading 0 native plugins for Editor in 0.00 ms.
Unloading 1149 Unused Serialized files (Serialized files now loaded: 0)
System memory in use before: 80.5 MB.
System memory in use after: 80.5 MB.

Unloading 5 unused Assets to reduce memory usage. Loaded Objects now: 1802.
Total: 2.229600 ms (FindLiveObjects: 0.194900 ms CreateObjectMapping: 0.046700 ms MarkObjects: 1.849900 ms  DeleteObjects: 0.136800 ms)

========================================================================
Received Prepare
Registering precompiled user dll's ...
Registered in 0.006310 seconds.
Begin MonoManager ReloadAssembly
Native extension for WindowsStandalone target not found
Native extension for WebGL target not found
Refreshing native plugins compatible for Editor in 0.29 ms, found 0 plugins.
Preloading 0 native plugins for Editor in 0.00 ms.
Invoked RoslynAnalysisRunner static constructor.
RoslynAnalysisRunner will not be running.
RoslynAnalysisRunner has terminated.
Mono: successfully reloaded assembly
- Completed reload, in  1.060 seconds
Platform modules already initialized, skipping
Refreshing native plugins compatible for Editor in 0.30 ms, found 0 plugins.
Preloading 0 native plugins for Editor in 0.00 ms.
Unloading 1149 Unused Serialized files (Serialized files now loaded: 0)
System memory in use before: 80.5 MB.
System memory in use after: 80.5 MB.

Unloading 5 unused Assets to reduce memory usage. Loaded Objects now: 1805.
Total: 2.372500 ms (FindLiveObjects: 0.184800 ms CreateObjectMapping: 0.048500 ms MarkObjects: 1.993700 ms  DeleteObjects: 0.143700 ms)

========================================================================
Received Prepare
Registering precompiled user dll's ...
Registered in 0.000671 seconds.
Begin MonoManager ReloadAssembly
Native extension for WindowsStandalone target not found
Native extension for WebGL target not found
Refreshing native plugins compatible for Editor in 3.79 ms, found 0 plugins.
Preloading 0 native plugins for Editor in 0.00 ms.
Invoked RoslynAnalysisRunner static constructor.
RoslynAnalysisRunner will not be running.
RoslynAnalysisRunner has terminated.
Mono: successfully reloaded assembly
- Completed reload, in  1.053 seconds
Platform modules already initialized, skipping
Refreshing native plugins compatible for Editor in 0.49 ms, found 0 plugins.
Preloading 0 native plugins for Editor in 0.00 ms.
Unloading 1149 Unused Serialized files (Serialized files now loaded: 0)
System memory in use before: 80.5 MB.
System memory in use after: 80.6 MB.

Unloading 5 unused Assets to reduce memory usage. Loaded Objects now: 1808.
Total: 1.989600 ms (FindLiveObjects: 0.183500 ms CreateObjectMapping: 0.042000 ms MarkObjects: 1.600800 ms  DeleteObjects: 0.162100 ms)

AssetImportWorkerClient::OnTransportError - code=2 error=End of file
